Compilación iniciada a las 13/01/2016 20:06:29.
     1>Proyecto "D:\WINDOWS 10\VS_Projects\Gauntlet\Gauntlet.vcxproj" en el nodo 2 (Build destinos).
     1>ClCompile:
         D:\WINDOWS 10\Visual Studio 2013\VC\bin\CL.exe /c /I"C:\Program Files (x86)\Visual Leak Detector\include" /ZI /nologo /W3 /WX- /sdl /Od /Oy- /D _MBCS /Gm /EHsc /RTC1 /MDd /GS /fp:precise /Zc:wchar_t /Zc:forScope /Fo"Debug\\" /Fd"Debug\vc120.pdb" /Gd /TP /analyze- /errorReport:prompt Main.cpp
         Main.cpp
     1>d:\windows 10\vs_projects\gauntlet\timer.h(11): warning C4244: '=' : conversión de 'Uint32' a 'float'; posible pérdida de datos
     1>d:\windows 10\vs_projects\gauntlet\timer.h(15): warning C4244: 'inicializando' : conversión de 'Uint32' a 'float'; posible pérdida de datos
     1>d:\windows 10\vs_projects\gauntlet\timer.h(20): warning C4244: '=' : conversión de 'Uint32' a 'float'; posible pérdida de datos
       Link:
         D:\WINDOWS 10\Visual Studio 2013\VC\bin\link.exe /ERRORREPORT:PROMPT /OUT:"D:\WINDOWS 10\VS_Projects\Gauntlet\Debug\Gauntlet.exe" /INCREMENTAL /NOLOGO /LIBPATH:"C:\Program Files (x86)\Visual Leak Detector\lib\Win32" kernel32.lib user32.lib gdi32.lib winspool.lib comdlg32.lib advapi32.lib shell32.lib ole32.lib oleaut32.lib uuid.lib odbc32.lib odbccp32.lib /MANIFEST /MANIFESTUAC:"level='asInvoker' uiAccess='false'" /manifest:embed /DEBUG /PDB:"D:\WINDOWS 10\VS_Projects\Gauntlet\Debug\Gauntlet.pdb" /SUBSYSTEM:WINDOWS /TLBID:1 /DYNAMICBASE /NXCOMPAT /IMPLIB:"D:\WINDOWS 10\VS_Projects\Gauntlet\Debug\Gauntlet.lib" /MACHINE:X86 Debug\EnemyDemon.obj
         Debug\EnemyGhost.obj
         Debug\EnemyGrunt.obj
         Debug\EnemyLobber.obj
         Debug\EnemySorcerer.obj
         Debug\EnemySpawn.obj
         Debug\Game.obj
         Debug\Log.obj
         Debug\Main.obj
         Debug\ModuleAudio.obj
         Debug\ModuleCollision.obj
         Debug\ModuleEnemy.obj
         Debug\ModuleInput.obj
         Debug\ModuleMap.obj
         Debug\ModuleMenu.obj
         Debug\ModuleParticles.obj
         Debug\ModulePlayer.obj
         Debug\ModuleRender.obj
         Debug\ModuleTextures.obj
         Debug\ModuleWindow.obj
         Debug\Particle.obj
     1>MSVCRTD.lib(cinitexe.obj) : warning LNK4098: la biblioteca predeterminada'msvcrt.lib' entra en conflicto con otras bibliotecas; use la biblioteca /NODEFAULTLIB:biblioteca
         Gauntlet.vcxproj -> D:\WINDOWS 10\VS_Projects\Gauntlet\Debug\Gauntlet.exe
     1>Compilación del proyecto terminada "D:\WINDOWS 10\VS_Projects\Gauntlet\Gauntlet.vcxproj" (Build destinos).

Compilación correcta.

Tiempo transcurrido 00:00:01.34
