d:\windows 10\vs_projects\gauntlet\release\vc120.pdb
d:\windows 10\vs_projects\gauntlet\release\modulewindow.obj
d:\windows 10\vs_projects\gauntlet\release\moduletextures.obj
d:\windows 10\vs_projects\gauntlet\release\modulerender.obj
d:\windows 10\vs_projects\gauntlet\release\moduleplayer.obj
d:\windows 10\vs_projects\gauntlet\release\moduleparticles.obj
d:\windows 10\vs_projects\gauntlet\release\modulemenu.obj
d:\windows 10\vs_projects\gauntlet\release\modulemap.obj
d:\windows 10\vs_projects\gauntlet\release\moduleinput.obj
d:\windows 10\vs_projects\gauntlet\release\moduleenemy.obj
d:\windows 10\vs_projects\gauntlet\release\modulecollision.obj
d:\windows 10\vs_projects\gauntlet\release\moduleaudio.obj
d:\windows 10\vs_projects\gauntlet\release\main.obj
d:\windows 10\vs_projects\gauntlet\release\log.obj
d:\windows 10\vs_projects\gauntlet\release\game.obj
d:\windows 10\vs_projects\gauntlet\release\enemyspawn.obj
d:\windows 10\vs_projects\gauntlet\release\enemysorcerer.obj
d:\windows 10\vs_projects\gauntlet\release\enemylobber.obj
d:\windows 10\vs_projects\gauntlet\release\enemygrunt.obj
d:\windows 10\vs_projects\gauntlet\release\enemyghost.obj
d:\windows 10\vs_projects\gauntlet\release\enemydemon.obj
d:\windows 10\vs_projects\gauntlet\release\particle.obj
d:\windows 10\vs_projects\gauntlet\release\gauntlet.exe
d:\windows 10\vs_projects\gauntlet\release\gauntlet.pdb
d:\windows 10\vs_projects\gauntlet\release\gauntlet.tlog\cl.command.1.tlog
d:\windows 10\vs_projects\gauntlet\release\gauntlet.tlog\cl.read.1.tlog
d:\windows 10\vs_projects\gauntlet\release\gauntlet.tlog\cl.write.1.tlog
d:\windows 10\vs_projects\gauntlet\release\gauntlet.tlog\link.command.1.tlog
d:\windows 10\vs_projects\gauntlet\release\gauntlet.tlog\link.read.1.tlog
d:\windows 10\vs_projects\gauntlet\release\gauntlet.tlog\link.write.1.tlog
